<?xml version="1.0" encoding="utf-8"?><testsuites name="pytest tests"><testsuite name="pytest" errors="0" failures="0" skipped="0" tests="32" time="40.837" timestamp="2026-07-27T18:20:33.618801+00:00" hostname="render-gpu.us-central1-f.c.projeto-4-502422.internal"><testcase classname="tests.test_t3_editorial" name="test_t3_golden_editorial_proof_passes" time="0.008" /><testcase classname="tests.test_t3_editorial" name="test_removing_narration_makes_verify_fail" time="0.007" /><testcase classname="tests.test_t3_editorial" name="test_repeated_variant_in_previous_five_fails" time="0.007" /><testcase classname="tests.test_t3_editorial" name="test_clip_id_changes_with_template_variant" time="0.001" /><testcase classname="tests.test_t3_editorial" name="test_runtime_policy_rejects_recent_variant" time="0.003" /><testcase classname="tests.test_render" name="test_build_render_filtergraph" time="0.009" /><testcase classname="tests.test_render" name="test_process_vertical_render_success" time="3.516" /><testcase classname="tests.test_render" name="test_process_vertical_render_missing_input" time="0.005" /><testcase classname="tests.test_render" name="test_run_render_callback_delegation" time="0.004" /><testcase classname="tests.test_render" name="test_run_render_callback_preserves_keyword_arguments" time="0.004" /><testcase classname="tests.test_render" name="test_run_render_physically_mixes_t3_narration" time="2.886" /><testcase classname="tests.test_t3_performance" name="test_build_vertical_filter_low_res_blur_and_sigma" time="0.001" /><testcase classname="tests.test_t3_performance" name="test_detect_h264_encoder" time="0.002" /><testcase classname="tests.test_t3_performance" name="test_single_pass_convert_to_vertical" time="6.738" /><testcase classname="tests.test_t3_performance" name="test_pipeline_vertical_single_pass_integration" time="6.041" /><testcase classname="tests.test_mutation" name="test_mutation_0_golden_run_passes" time="5.600" /><testcase classname="tests.test_mutation" name="test_mutation_1_byte_corruption" time="0.414" /><testcase classname="tests.test_mutation" name="test_mutation_2_seq_hole" time="0.380" /><testcase classname="tests.test_mutation" name="test_mutation_3_seq_duplicate" time="0.420" /><testcase classname="tests.test_mutation" name="test_mutation_4_wrong_video_resolution" time="3.927" /><testcase classname="tests.test_mutation" name="test_mutation_5_audio_loudness_out_of_bounds" time="3.924" /><testcase classname="tests.test_mutation" name="test_mutation_6_video_duration_out_of_bounds" time="2.098" /><testcase classname="tests.test_mutation" name="test_mutation_7_missing_evidence_artifact" time="0.006" /><testcase classname="tests.test_mutation" name="test_mutation_8_missing_events_file" time="0.004" /><testcase classname="tests.test_mutation" name="test_mutation_9_invalid_event_schema" time="0.007" /><testcase classname="tests.test_mutation" name="test_mutation_10_stage_dag_out_of_order" time="0.421" /><testcase classname="tests.test_mutation" name="test_mutation_11_non_monotonic_timestamp" time="0.431" /><testcase classname="tests.test_mutation" name="test_mutation_12_commands_log_unsynced" time="0.434" /><testcase classname="tests.test_mutation" name="test_mutation_13_non_zero_exit_code" time="0.384" /><testcase classname="tests.test_mutation" name="test_mutation_14_missing_producer_evidence" time="0.007" /><testcase classname="tests.test_mutation" name="test_mutation_15_artifact_bytes_mismatch" time="0.429" /><testcase classname="tests.test_mutation" name="test_mutation_16_audio_stream_count_mismatch" time="2.623" /></testsuite></testsuites>