<?xml version="1.0" encoding="utf-8"?><testsuites name="pytest tests"><testsuite name="pytest" errors="0" failures="0" skipped="0" tests="20" time="10.950" timestamp="2026-07-27T21:59:52.973480+00:00" hostname="render-gpu.us-central1-f.c.projeto-4-502422.internal"><testcase classname="tests.test_web_dashboard.TestWebDashboardEndpoints" name="test_get_root_dashboard_html" time="0.532" /><testcase classname="tests.test_web_dashboard.TestWebDashboardEndpoints" name="test_get_index_html" time="0.504" /><testcase classname="tests.test_web_dashboard.TestWebDashboardEndpoints" name="test_post_api_analyze_valid_json" time="0.504" /><testcase classname="tests.test_web_dashboard.TestWebDashboardEndpoints" name="test_post_api_generate_clip_valid_json" time="0.508" /><testcase classname="tests.test_web_dashboard.TestWebDashboardEndpoints" name="test_post_api_gdrive_upload_valid_json" time="0.729" /><testcase classname="tests.test_web_dashboard.TestWebDashboardEndpoints" name="test_html_contains_gdrive_folder_id_input" time="0.504" /><testcase classname="tests.test_web_dashboard.TestWebDashboardEndpoints" name="test_post_api_gdrive_upload_with_folder_id" time="0.729" /><testcase classname="tests.test_web_dashboard.TestWebDashboardEndpoints" name="test_post_api_generate_clip_with_folder_id_and_cookies" time="0.511" /><testcase classname="tests.test_web_dashboard.TestWebDashboardEndpoints" name="test_post_api_analyze_with_cookies" time="0.504" /><testcase classname="tests.test_web_dashboard.TestWebDashboardEndpoints" name="test_get_api_download_existing_file" time="0.733" /><testcase classname="tests.test_web_dashboard.TestWebDashboardEndpoints" name="test_get_api_download_nonexistent_file" time="0.504" /><testcase classname="tests.test_web_dashboard.TestWebDashboardErrors" name="test_post_bad_json_returns_http_400" time="0.503" /><testcase classname="tests.test_web_dashboard.TestWebDashboardErrors" name="test_invalid_endpoint_path_returns_http_404" time="0.503" /><testcase classname="tests.test_web_dashboard.TestWebDashboardErrors" name="test_invalid_http_method_returns_http_405" time="0.504" /><testcase classname="tests.test_web_dashboard.TestWebDashboardErrors" name="test_post_missing_param_returns_http_400" time="0.521" /><testcase classname="tests.test_web_dashboard.TestWebDashboardErrors" name="test_get_on_post_endpoint_returns_http_405" time="0.503" /><testcase classname="tests.test_web_dashboard.TestWebDashboardErrors" name="test_path_traversal_download_returns_http_400" time="0.538" /><testcase classname="tests.test_web_dashboard.TestWebDashboardErrors" name="test_invalid_format_mode_returns_http_400" time="0.504" /><testcase classname="tests.test_web_dashboard.TestWebDashboardErrors" name="test_gdrive_upload_nonexistent_file_returns_http_404" time="0.504" /><testcase classname="tests.test_web_dashboard.TestWebDashboardConcurrency" name="test_concurrent_requests_handled_successfully" time="0.551" /></testsuite></testsuites>