<?xml version="1.0" encoding="utf-8"?><testsuites name="pytest tests"><testsuite name="pytest" errors="0" failures="0" skipped="0" tests="669" time="312.150" timestamp="2026-07-28T11:31:23.428756+00:00" hostname="render-gpu.us-central1-f.c.projeto-4-502422.internal"><testcase classname="tests.e2e.test_tier1_feature_coverage" name="test_tier1_ingest_01_youtube_watch_url_validation" time="0.002" /><testcase classname="tests.e2e.test_tier1_feature_coverage" name="test_tier1_ingest_02_youtube_shorts_and_embed_urls" time="0.001" /><testcase classname="tests.e2e.test_tier1_feature_coverage" name="test_tier1_ingest_03_local_mp4_file_validation" time="0.201" /><testcase classname="tests.e2e.test_tier1_feature_coverage" name="test_tier1_ingest_04_timestamp_parsing_formats" time="0.001" /><testcase classname="tests.e2e.test_tier1_feature_coverage" name="test_tier1_ingest_05_time_range_start_end_duration" time="0.001" /><testcase classname="tests.e2e.test_tier1_feature_coverage" name="test_tier1_transcribe_01_vtt_parsing_segments" time="0.002" /><testcase classname="tests.e2e.test_tier1_feature_coverage" name="test_tier1_transcribe_02_vtt_clean_text" time="0.001" /><testcase classname="tests.e2e.test_tier1_feature_coverage" name="test_tier1_transcribe_03_segment_timestamp_conversion" time="0.001" /><testcase classname="tests.e2e.test_tier1_feature_coverage" name="test_tier1_transcribe_04_language_detection" time="0.001" /><testcase classname="tests.e2e.test_tier1_feature_coverage" name="test_tier1_transcribe_05_audited_stage_wrapper" time="0.005" /><testcase classname="tests.e2e.test_tier1_feature_coverage" name="test_tier1_scenes_01_detection_standard_video" time="0.578" /><testcase classname="tests.e2e.test_tier1_feature_coverage" name="test_tier1_scenes_02_threshold_parameter" time="0.001" /><testcase classname="tests.e2e.test_tier1_feature_coverage" name="test_tier1_scenes_03_boundary_tuple_format" time="0.233" /><testcase classname="tests.e2e.test_tier1_feature_coverage" name="test_tier1_scenes_04_content_detector_mode" time="0.001" /><testcase classname="tests.e2e.test_tier1_feature_coverage" name="test_tier1_scenes_05_audited_stage_wrapper" time="0.200" /><testcase classname="tests.e2e.test_tier1_feature_coverage" name="test_tier1_select_01_speech_density_wps_scoring" time="0.001" /><testcase classname="tests.e2e.test_tier1_feature_coverage" name="test_tier1_select_02_hook_words_detection" time="0.001" /><testcase classname="tests.e2e.test_tier1_feature_coverage" name="test_tier1_select_03_best_clips_non_overlapping" time="0.002" /><testcase classname="tests.e2e.test_tier1_feature_coverage" name="test_tier1_select_04_duration_window_constraints" time="0.001" /><testcase classname="tests.e2e.test_tier1_feature_coverage" name="test_tier1_select_05_audited_stage_wrapper" time="0.004" /><testcase classname="tests.e2e.test_tier1_feature_coverage" name="test_tier1_cut_01_fast_stream_copy_flag" time="0.348" /><testcase classname="tests.e2e.test_tier1_feature_coverage" name="test_tier1_cut_02_seeking_flag_order" time="0.422" /><testcase classname="tests.e2e.test_tier1_feature_coverage" name="test_tier1_cut_03_duration_calculation" time="0.434" /><testcase classname="tests.e2e.test_tier1_feature_coverage" name="test_tier1_cut_04_output_size_and_duration" time="0.408" /><testcase classname="tests.e2e.test_tier1_feature_coverage" name="test_tier1_cut_05_audited_stage_wrapper" time="0.418" /><testcase classname="tests.e2e.test_tier1_feature_coverage" name="test_tier1_subtitles_01_ass_file_generation" time="0.002" /><testcase classname="tests.e2e.test_tier1_feature_coverage" name="test_tier1_subtitles_02_word_timing_offset" time="0.001" /><testcase classname="tests.e2e.test_tier1_feature_coverage" name="test_tier1_subtitles_03_styling_attributes" time="0.001" /><testcase classname="tests.e2e.test_tier1_feature_coverage" name="test_tier1_subtitles_04_pysubs2_formatting" time="0.001" /><testcase classname="tests.e2e.test_tier1_feature_coverage" name="test_tier1_subtitles_05_audited_stage_wrapper" time="0.004" /><testcase classname="tests.e2e.test_tier1_feature_coverage" name="test_tier1_audio_01_two_pass_loudnorm_processing" time="1.326" /><testcase classname="tests.e2e.test_tier1_feature_coverage" name="test_tier1_audio_02_lufs_measurement_pyloudnorm" time="0.273" /><testcase classname="tests.e2e.test_tier1_feature_coverage" name="test_tier1_audio_03_lufs_measurement_ebur128_fallback" time="0.297" /><testcase classname="tests.e2e.test_tier1_feature_coverage" name="test_tier1_audio_04_single_audio_stream_preservation" time="0.412" /><testcase classname="tests.e2e.test_tier1_feature_coverage" name="test_tier1_audio_05_audited_stage_wrapper" time="0.195" /><testcase classname="tests.e2e.test_tier1_feature_coverage" name="test_tier1_render_01_blur_background_filter_graph" time="0.001" /><testcase classname="tests.e2e.test_tier1_feature_coverage" name="test_tier1_render_02_crop_center_filter_graph" time="0.001" /><testcase classname="tests.e2e.test_tier1_feature_coverage" name="test_tier1_render_03_vertical_conversion_output" time="5.575" /><testcase classname="tests.e2e.test_tier1_feature_coverage" name="test_tier1_render_04_cli_vertical_flag_integration" time="3.164" /><testcase classname="tests.e2e.test_tier1_feature_coverage" name="test_tier1_render_05_audited_stage_wrapper" time="3.116" /><testcase classname="tests.e2e.test_tier1_feature_coverage" name="test_tier1_report_01_generation_from_run_dir" time="0.005" /><testcase classname="tests.e2e.test_tier1_feature_coverage" name="test_tier1_report_02_metadata_summary_section" time="0.004" /><testcase classname="tests.e2e.test_tier1_feature_coverage" name="test_tier1_report_03_verification_checks_table" time="0.005" /><testcase classname="tests.e2e.test_tier1_feature_coverage" name="test_tier1_report_04_artifact_sha256_table" time="0.004" /><testcase classname="tests.e2e.test_tier1_feature_coverage" name="test_tier1_report_05_audited_stage_wrapper" time="0.004" /><testcase classname="tests.e2e.test_tier2_boundaries" name="test_tier2_ingest_01_nonexistent_file_error" time="0.001" /><testcase classname="tests.e2e.test_tier2_boundaries" name="test_tier2_ingest_02_directory_as_input_error" time="0.001" /><testcase classname="tests.e2e.test_tier2_boundaries" name="test_tier2_ingest_03_invalid_url_format" time="0.001" /><testcase classname="tests.e2e.test_tier2_boundaries" name="test_tier2_ingest_04_timestamp_overflow_error" time="0.001" /><testcase classname="tests.e2e.test_tier2_boundaries" name="test_tier2_ingest_05_negative_and_conflicting_timestamps" time="0.001" /><testcase classname="tests.e2e.test_tier2_boundaries" name="test_tier2_transcribe_01_gpu_oom_cpu_fallback" time="0.004" /><testcase classname="tests.e2e.test_tier2_boundaries" name="test_tier2_transcribe_02_empty_silent_audio" time="0.001" /><testcase classname="tests.e2e.test_tier2_boundaries" name="test_tier2_transcribe_03_botguard_authentication_prompt" time="0.002" /><testcase classname="tests.e2e.test_tier2_boundaries" name="test_tier2_transcribe_04_corrupt_vtt_header_resilience" time="0.001" /><testcase classname="tests.e2e.test_tier2_boundaries" name="test_tier2_transcribe_05_unicode_special_characters" time="0.001" /><testcase classname="tests.e2e.test_tier2_boundaries" name="test_tier2_scenes_01_zero_cuts_single_scene_fallback" time="0.001" /><testcase classname="tests.e2e.test_tier2_boundaries" name="test_tier2_scenes_02_rapid_flashing_cuts_min_len" time="0.202" /><testcase classname="tests.e2e.test_tier2_boundaries" name="test_tier2_scenes_03_corrupt_video_file_error" time="0.002" /><testcase classname="tests.e2e.test_tier2_boundaries" name="test_tier2_scenes_04_sub_second_extremely_short_video" time="0.134" /><testcase classname="tests.e2e.test_tier2_boundaries" name="test_tier2_scenes_05_extreme_threshold_no_false_positives" time="0.001" /><testcase classname="tests.e2e.test_tier2_boundaries" name="test_tier2_select_01_empty_transcript_segments" time="0.001" /><testcase classname="tests.e2e.test_tier2_boundaries" name="test_tier2_select_02_video_shorter_than_min_duration" time="0.001" /><testcase classname="tests.e2e.test_tier2_boundaries" name="test_tier2_select_03_zero_speech_density_silence" time="0.001" /><testcase classname="tests.e2e.test_tier2_boundaries" name="test_tier2_select_04_extreme_high_speech_density" time="0.001" /><testcase classname="tests.e2e.test_tier2_boundaries" name="test_tier2_select_05_scene_boundary_snapping_bounds" time="0.001" /><testcase classname="tests.e2e.test_tier2_boundaries" name="test_tier2_cut_01_out_of_bounds_start_end_error" time="0.291" /><testcase classname="tests.e2e.test_tier2_boundaries" name="test_tier2_cut_02_start_greater_than_or_equal_end_error" time="0.192" /><testcase classname="tests.e2e.test_tier2_boundaries" name="test_tier2_cut_03_corrupt_undersized_output_error" time="0.197" /><testcase classname="tests.e2e.test_tier2_boundaries" name="test_tier2_cut_04_double_cut_offset_normalization_check" time="0.191" /><testcase classname="tests.e2e.test_tier2_boundaries" name="test_tier2_cut_05_missing_ffmpeg_binary_error" time="0.001" /><testcase classname="tests.e2e.test_tier2_boundaries" name="test_tier2_subtitles_01_empty_words_list" time="0.006" /><testcase classname="tests.e2e.test_tier2_boundaries" name="test_tier2_subtitles_02_words_outside_clip_bounds_filtered" time="0.005" /><testcase classname="tests.e2e.test_tier2_boundaries" name="test_tier2_subtitles_03_zero_duration_word_adjustment" time="0.005" /><testcase classname="tests.e2e.test_tier2_boundaries" name="test_tier2_subtitles_04_special_character_escaping_ass" time="0.004" /><testcase classname="tests.e2e.test_tier2_boundaries" name="test_tier2_subtitles_05_verify_alignment_tolerance" time="0.003" /><testcase classname="tests.e2e.test_tier2_boundaries" name="test_tier2_audio_01_silent_audio_lufs_rejection" time="0.182" /><testcase classname="tests.e2e.test_tier2_boundaries" name="test_tier2_audio_02_overly_loud_audio_correction" time="0.410" /><testcase classname="tests.e2e.test_tier2_boundaries" name="test_tier2_audio_03_no_audio_stream_error" time="0.145" /><testcase classname="tests.e2e.test_tier2_boundaries" name="test_tier2_audio_04_verify_lufs_out_of_bounds_detection" time="0.002" /><testcase classname="tests.e2e.test_tier2_boundaries" name="test_tier2_audio_05_pass1_corrupt_json_error" time="0.004" /><testcase classname="tests.e2e.test_tier2_boundaries" name="test_tier2_render_01_unsupported_mode_error" time="0.193" /><testcase classname="tests.e2e.test_tier2_boundaries" name="test_tier2_render_02_nonexistent_input_file_error" time="0.002" /><testcase classname="tests.e2e.test_tier2_boundaries" name="test_tier2_render_03_undersized_output_file_error" time="0.193" /><testcase classname="tests.e2e.test_tier2_boundaries" name="test_tier2_render_04_non_standard_aspect_ratio" time="0.193" /><testcase classname="tests.e2e.test_tier2_boundaries" name="test_tier2_render_05_verify_duration_out_of_range" time="6.625" /><testcase classname="tests.e2e.test_tier2_boundaries" name="test_tier2_report_01_missing_verify_result_fallback" time="0.005" /><testcase classname="tests.e2e.test_tier2_boundaries" name="test_tier2_report_02_corrupt_events_jsonl_line_resilience" time="0.005" /><testcase classname="tests.e2e.test_tier2_boundaries" name="test_tier2_report_03_empty_events_jsonl_fallback" time="0.005" /><testcase classname="tests.e2e.test_tier2_boundaries" name="test_tier2_report_04_long_command_truncation" time="0.005" /><testcase classname="tests.e2e.test_tier2_boundaries" name="test_tier2_report_05_read_only_output_directory_error" time="0.005" /><testcase classname="tests.e2e.test_tier3_combinations" name="test_tier3_01_subtitles_ass_plus_render_916" time="3.180" /><testcase classname="tests.e2e.test_tier3_combinations" name="test_tier3_02_audio_loudnorm_plus_cut_copy" time="0.334" /><testcase classname="tests.e2e.test_tier3_combinations" name="test_tier3_03_subtitles_ass_plus_audio_loudnorm_sync" time="0.476" /><testcase classname="tests.e2e.test_tier3_combinations" name="test_tier3_04_render_916_plus_loudnorm_plus_subtitles_complex_filter" time="0.194" /><testcase classname="tests.e2e.test_tier3_combinations" name="test_tier3_05_transcribe_select_subtitles_offset_alignment" time="0.011" /><testcase classname="tests.e2e.test_tier3_combinations" name="test_tier3_06_ingest_cut_render_report_audit_chain" time="0.204" /><testcase classname="tests.e2e.test_tier3_combinations" name="test_tier3_07_cli_fast_vs_vertical_flag_resolution" time="3.185" /><testcase classname="tests.e2e.test_tier3_combinations" name="test_tier3_08_youtube_ingest_loudnorm_render_offsets" time="0.199" /><testcase classname="tests.e2e.test_tier3_combinations" name="test_tier3_09_ast_contract_multi_stage_audit_verification" time="0.003" /><testcase classname="tests.e2e.test_tier4_scenarios" name="test_tier4_scenario1_technical_short_golden_pipeline" time="20.671" /><testcase classname="tests.e2e.test_tier4_scenarios" name="test_tier4_scenario2_adversarial_media_and_recovery" time="0.069" /><testcase classname="tests.e2e.test_tier4_scenarios" name="test_tier4_scenario3_cli_user_workflow" time="3.212" /><testcase classname="tests.e2e.test_tier4_scenarios" name="test_tier4_scenario4_multiclip_batch_processing" time="0.627" /><testcase classname="tests.e2e.test_tier4_scenarios" name="test_tier4_scenario5_zero_trust_verification_and_report" time="4.573" /><testcase classname="tests.test_analyzer" name="test_seconds_to_timestamp" time="0.001" /><testcase classname="tests.test_analyzer" name="test_vtt_parser_clean_text" time="0.001" /><testcase classname="tests.test_analyzer" name="test_vtt_parser_timestamps" time="0.001" /><testcase classname="tests.test_analyzer" name="test_find_best_clips" time="0.001" /><testcase classname="tests.test_analyzer" name="test_extract_transcript_and_analyze_cookies" time="0.012" /><testcase classname="tests.test_audio" name="test_parse_loudnorm_pass1_stderr_success" time="0.004" /><testcase classname="tests.test_audio" name="test_parse_loudnorm_pass1_stderr_failure" time="0.005" /><testcase classname="tests.test_audio" name="test_process_audio_loudnorm_success" time="1.562" /><testcase classname="tests.test_audio" name="test_process_audio_missing_input" time="0.004" /><testcase classname="tests.test_audio" name="test_run_audio_callback_delegation" time="0.004" /><testcase classname="tests.test_challenge_m3" name="test_cut_invalid_timestamp_start_greater_than_end" time="2.006" /><testcase classname="tests.test_challenge_m3" name="test_cut_invalid_timestamp_negative_start" time="2.023" /><testcase classname="tests.test_challenge_m3" name="test_cut_missing_video_file" time="0.004" /><testcase classname="tests.test_challenge_m3" name="test_cut_clip_size_guardrails" time="2.597" /><testcase classname="tests.test_challenge_m3" name="test_subtitles_empty_transcript_words" time="0.014" /><testcase classname="tests.test_challenge_m3" name="test_subtitles_timestamp_shifting" time="0.014" /><testcase classname="tests.test_challenge_m3" name="test_subtitles_pysubs2_ass_format_compliance" time="0.014" /><testcase classname="tests.test_challenge_m3" name="test_audio_loudnorm_lufs_strict_range" time="5.114" /><testcase classname="tests.test_challenge_m3" name="test_render_vertical_resolution_1080x1920" time="12.818" /><testcase classname="tests.test_challenge_m3" name="test_render_subtitle_burning" time="10.245" /><testcase classname="tests.test_challenge_m3" name="test_render_file_size_guardrails" time="7.617" /><testcase classname="tests.test_challenge_m3" name="test_zero_trust_verification_passes_on_valid_run" time="15.229" /><testcase classname="tests.test_challenger_m3_4_stress" name="test_m3_challenger_full_pipeline_end_to_end" time="21.529" /><testcase classname="tests.test_challenger_m3_4_stress" name="test_m3_challenger_mutation_stress" time="41.747" /><testcase classname="tests.test_challenger_m3_e2e" name="test_e2e_full_pipeline_empirical_challenger" time="21.037" /><testcase classname="tests.test_cli.TestCreateParser" name="test_create_parser_returns_clipper_argument_parser" time="0.002" /><testcase classname="tests.test_cli.TestCreateParser" name="test_parser_function_aliases" time="0.003" /><testcase classname="tests.test_cli.TestCreateParser" name="test_parser_options_and_destinations" time="0.002" /><testcase classname="tests.test_cli.TestParseArgs" name="test_parse_positional_input_url" time="0.002" /><testcase classname="tests.test_cli.TestParseArgs" name="test_parse_positional_input_file" time="0.203" /><testcase classname="tests.test_cli.TestParseArgs" name="test_parse_default_values" time="0.002" /><testcase classname="tests.test_cli.TestParseArgs" name="test_parse_flag_aliases_duration_length" time="0.003" /><testcase classname="tests.test_cli.TestParseArgs" name="test_parse_flag_aliases_fast_copy" time="0.003" /><testcase classname="tests.test_cli.TestParseArgs" name="test_parse_flag_aliases_verbose" time="0.003" /><testcase classname="tests.test_cli.TestParseArgs" name="test_missing_input_raises_system_exit" time="0.003" /><testcase classname="tests.test_cli.TestParseArgs" name="test_conflicting_end_and_duration_raises_error" time="0.002" /><testcase classname="tests.test_cli.TestValidateCLIArgs" name="test_validate_cli_args_valid_youtube_url" time="0.002" /><testcase classname="tests.test_cli.TestValidateCLIArgs" name="test_validate_cli_args_valid_local_file" time="0.208" /><testcase classname="tests.test_cli.TestValidateCLIArgs" name="test_validate_cli_args_nonexistent_file_raises_validation_error" time="0.002" /><testcase classname="tests.test_cli.TestValidateCLIArgs" name="test_validate_cli_args_invalid_time_range_raises_validation_error" time="0.202" /><testcase classname="tests.test_cli.TestCLIMain" name="test_main_help_flag" time="0.004" /><testcase classname="tests.test_cli.TestCLIMain" name="test_main_valid_youtube_url_returns_zero" time="0.019" /><testcase classname="tests.test_cli.TestCLIMain" name="test_main_invalid_input_exits_with_code_2" time="0.002" /><testcase classname="tests.test_cli.TestCLIMain" name="test_cli_main_alias" time="0.003" /><testcase classname="tests.test_cli.TestCLIMain" name="test_parse_dashboard_and_server_flags" time="0.002" /><testcase classname="tests.test_cli.TestCLIMain" name="test_dashboard_mode_validates_without_input" time="0.002" /><testcase classname="tests.test_cli.TestFolderIdCliFlags" name="test_parse_folder_id_flags" time="0.002" /><testcase classname="tests.test_cli.TestFolderIdCliFlags" name="test_validate_cli_args_includes_folder_id" time="0.002" /><testcase classname="tests.test_cli.TestFolderIdCliFlags" name="test_main_passes_folder_id_to_gdrive_upload" time="0.491" /><testcase classname="tests.test_conftest" name="test_tmp_media_dir_fixture" time="0.002" /><testcase classname="tests.test_conftest" name="test_dummy_video_file_fixture" time="0.204" /><testcase classname="tests.test_conftest" name="test_mock_yt_dlp_fixture" time="0.004" /><testcase classname="tests.test_conftest" name="test_mock_ffmpeg_fixture" time="0.004" /><testcase classname="tests.test_conftest" name="test_cli_runner_fixture" time="0.002" /><testcase classname="tests.test_contracts" name="test_ast_stage_functions_have_audited_decorator" time="0.025" /><testcase classname="tests.test_contracts" name="test_t1_environment_execution_is_audited" time="0.004" /><testcase classname="tests.test_contracts" name="test_ast_prohibit_subprocess_outside_run_cmd" time="0.313" /><testcase classname="tests.test_contracts" name="test_ast_evasion_attempts_are_blocked" time="0.002" /><testcase classname="tests.test_contracts" name="test_events_jsonl_schema_validation_on_all_runs" time="0.005" /><testcase classname="tests.test_contracts" name="test_events_seq_continuity_no_gaps_no_duplicates" time="0.014" /><testcase classname="tests.test_contracts" name="test_audited_decorator_functionality" time="0.005" /><testcase classname="tests.test_contracts" name="test_run_cmd_subprocesses_logged" time="0.008" /><testcase classname="tests.test_contracts" name="test_audited_final_event_timestamp_follows_nested_commands" time="0.011" /><testcase classname="tests.test_cut" name="test_cut_clip_stage_success" time="1.400" /><testcase classname="tests.test_cut" name="test_cut_clip_stage_with_selection_data" time="1.441" /><testcase classname="tests.test_cut" name="test_cut_clip_stage_invalid_timestamps" time="0.900" /><testcase classname="tests.test_cut" name="test_cut_clip_stage_missing_video" time="0.005" /><testcase classname="tests.test_cut" name="test_run_cut_callback_delegation" time="0.004" /><testcase classname="tests.test_downloader" name="test_downloader_init_options" time="0.001" /><testcase classname="tests.test_downloader" name="test_download_segment_success" time="0.003" /><testcase classname="tests.test_downloader" name="test_download_segment_range_callback" time="0.003" /><testcase classname="tests.test_downloader" name="test_download_segment_progress_callback" time="0.003" /><testcase classname="tests.test_downloader" name="test_download_segment_invalid_ranges[10.0-10.0]" time="0.002" /><testcase classname="tests.test_downloader" name="test_download_segment_invalid_ranges[20.0-10.0]" time="0.002" /><testcase classname="tests.test_downloader" name="test_download_segment_invalid_ranges[-5.0-10.0]" time="0.002" /><testcase classname="tests.test_downloader" name="test_download_segment_ytdlp_error" time="0.003" /><testcase classname="tests.test_downloader" name="test_download_segment_network_error" time="0.003" /><testcase classname="tests.test_downloader" name="test_download_segment_none_metadata" time="0.003" /><testcase classname="tests.test_downloader" name="test_download_segment_directory_creation" time="0.003" /><testcase classname="tests.test_downloader" name="test_download_full_omits_range_and_uses_full_suffix" time="0.003" /><testcase classname="tests.test_downloader" name="test_explicit_cookie_file_is_request_scoped" time="0.003" /><testcase classname="tests.test_downloader" name="test_browser_cookies_and_tls_invariant" time="0.003" /><testcase classname="tests.test_downloader" name="test_download_does_not_return_unchanged_stale_file" time="0.003" /><testcase classname="tests.test_e2e_cli.TestCLIArgumentParsingTier1" name="test_cli_positional_input_url" time="0.002" /><testcase classname="tests.test_e2e_cli.TestCLIArgumentParsingTier1" name="test_cli_positional_input_filepath" time="0.002" /><testcase classname="tests.test_e2e_cli.TestCLIArgumentParsingTier1" name="test_cli_start_flag_variants" time="0.002" /><testcase classname="tests.test_e2e_cli.TestCLIArgumentParsingTier1" name="test_cli_end_flag_variants" time="0.002" /><testcase classname="tests.test_e2e_cli.TestCLIArgumentParsingTier1" name="test_cli_duration_flag_variants" time="0.002" /><testcase classname="tests.test_e2e_cli.TestCLIArgumentParsingTier1" name="test_cli_output_flag_variants" time="0.002" /><testcase classname="tests.test_e2e_cli.TestCLIArgumentParsingTier1" name="test_cli_fast_flag_variants" time="0.002" /><testcase classname="tests.test_e2e_cli.TestCLIArgumentParsingTier1" name="test_cli_verbose_flag_variants" time="0.002" /><testcase classname="tests.test_e2e_cli.TestCLIArgumentParsingTier1" name="test_cli_combined_valid_flags" time="0.018" /><testcase classname="tests.test_e2e_cli.TestCLIArgumentParsingTier2" name="test_cli_missing_positional_input" time="0.002" /><testcase classname="tests.test_e2e_cli.TestCLIArgumentParsingTier2" name="test_cli_conflicting_end_and_duration" time="0.002" /><testcase classname="tests.test_e2e_cli.TestCLIArgumentParsingTier2" name="test_cli_unrecognized_arguments" time="0.002" /><testcase classname="tests.test_e2e_cli.TestCLIArgumentParsingTier2" name="test_cli_empty_arguments" time="0.002" /><testcase classname="tests.test_e2e_cli.TestCLIArgumentParsingTier2" name="test_cli_empty_string_input" time="0.002" /><testcase classname="tests.test_e2e_cli.TestCLIArgumentParsingTier2" name="test_cli_invalid_flag_formats" time="0.002" /><testcase classname="tests.test_e2e_cli.TestCLIArgumentParsingTier2" name="test_cli_aliased_flags_equivalence" time="0.002" /><testcase classname="tests.test_e2e_cli.TestCLIHelpAndEntrypointTier1" name="test_cli_help_flag_stdout_and_exit_code" time="0.005" /><testcase classname="tests.test_e2e_cli.TestCLIHelpAndEntrypointTier1" name="test_cli_help_contains_positional_desc" time="0.003" /><testcase classname="tests.test_e2e_cli.TestCLIHelpAndEntrypointTier1" name="test_cli_help_contains_timestamp_options" time="0.003" /><testcase classname="tests.test_e2e_cli.TestCLIHelpAndEntrypointTier1" name="test_cli_help_contains_output_and_fast_options" time="0.003" /><testcase classname="tests.test_e2e_cli.TestCLIHelpAndEntrypointTier1" name="test_cli_help_contains_usage_examples" time="0.003" /><testcase classname="tests.test_e2e_cli.TestCLIHelpAndEntrypointTier2" name="test_cli_python_module_help_execution" time="0.055" /><testcase classname="tests.test_e2e_cli.TestCLIHelpAndEntrypointTier2" name="test_cli_python_module_missing_args_execution" time="0.051" /><testcase classname="tests.test_e2e_cli.TestCLIHelpAndEntrypointTier2" name="test_cli_parser_default_values" time="0.002" /><testcase classname="tests.test_e2e_cli.TestCLIHelpAndEntrypointTier2" name="test_cli_adversarial_special_chars_in_args" time="0.432" /><testcase classname="tests.test_e2e_downloader" name="test_downloader_init_default_and_custom_options" time="0.002" /><testcase classname="tests.test_e2e_downloader" name="test_download_segment_basic_mocked_yt_dlp" time="0.004" /><testcase classname="tests.test_e2e_downloader" name="test_download_segment_output_directory_creation" time="0.004" /><testcase classname="tests.test_e2e_downloader" name="test_download_segment_callback_handling" time="0.004" /><testcase classname="tests.test_e2e_downloader" name="test_download_segment_start_and_end_timestamps" time="0.004" /><testcase classname="tests.test_e2e_downloader" name="test_download_segment_return_file_verification" time="0.004" /><testcase classname="tests.test_e2e_downloader" name="test_downloader_ytdlp_download_error_handling" time="0.004" /><testcase classname="tests.test_e2e_downloader" name="test_downloader_non_existent_video_id" time="0.003" /><testcase classname="tests.test_e2e_downloader" name="test_downloader_invalid_range_download[10.0-10.0]" time="0.002" /><testcase classname="tests.test_e2e_downloader" name="test_downloader_invalid_range_download[20.0-10.0]" time="0.002" /><testcase classname="tests.test_e2e_downloader" name="test_downloader_invalid_range_download[-5.0-10.0]" time="0.002" /><testcase classname="tests.test_e2e_downloader" name="test_downloader_invalid_range_download[-10.0--2.0]" time="0.002" /><testcase classname="tests.test_e2e_downloader" name="test_downloader_network_failure_simulation" time="0.005" /><testcase classname="tests.test_e2e_downloader" name="test_downloader_read_only_output_dir" time="0.003" /><testcase classname="tests.test_e2e_downloader" name="test_downloader_unexpected_exception_wrapping" time="0.004" /><testcase classname="tests.test_e2e_full_pipeline.TestE2EFullProgrammaticPipeline" name="test_full_e2e_programmatic_flow" time="0.020" /><testcase classname="tests.test_e2e_full_pipeline.TestE2EFullProgrammaticPipeline" name="test_e2e_video_formatter_crop_center_flow" time="0.219" /><testcase classname="tests.test_e2e_full_pipeline.TestE2EFullProgrammaticPipeline" name="test_e2e_cli_flow_with_analyze_vertical_and_gdrive_flags" time="0.008" /><testcase classname="tests.test_e2e_pipeline.TestLocalVideoInputPipeline" name="test_pipeline_local_file_start_and_end" time="0.210" /><testcase classname="tests.test_e2e_pipeline.TestLocalVideoInputPipeline" name="test_pipeline_local_file_start_and_duration" time="0.214" /><testcase classname="tests.test_e2e_pipeline.TestLocalVideoInputPipeline" name="test_pipeline_local_file_default_output" time="0.205" /><testcase classname="tests.test_e2e_pipeline.TestLocalVideoInputPipeline" name="test_pipeline_local_file_creates_output_directory" time="0.207" /><testcase classname="tests.test_e2e_pipeline.TestLocalVideoInputPipeline" name="test_pipeline_local_file_fast_stream_copy" time="0.210" /><testcase classname="tests.test_e2e_pipeline.TestLocalVideoInputPipeline" name="test_pipeline_local_file_hhmmss_timestamps" time="0.215" /><testcase classname="tests.test_e2e_pipeline.TestYouTubeUrlInputPipeline" name="test_pipeline_youtube_url_start_end" time="0.017" /><testcase classname="tests.test_e2e_pipeline.TestYouTubeUrlInputPipeline" name="test_pipeline_youtube_url_start_duration" time="0.016" /><testcase classname="tests.test_e2e_pipeline.TestYouTubeUrlInputPipeline" name="test_pipeline_youtube_url_custom_output" time="0.016" /><testcase classname="tests.test_e2e_pipeline.TestYouTubeUrlInputPipeline" name="test_pipeline_youtube_url_temp_dir_cleanup" time="0.015" /><testcase classname="tests.test_e2e_pipeline.TestYouTubeUrlInputPipeline" name="test_pipeline_youtube_url_fast_copy" time="0.015" /><testcase classname="tests.test_e2e_pipeline.TestPipelineOptionsAndFlags" name="test_pipeline_fast_copy_option_flag" time="0.212" /><testcase classname="tests.test_e2e_pipeline.TestPipelineOptionsAndFlags" name="test_pipeline_custom_output_filename" time="0.215" /><testcase classname="tests.test_e2e_pipeline.TestPipelineOptionsAndFlags" name="test_pipeline_custom_output_dir_only" time="0.210" /><testcase classname="tests.test_e2e_pipeline.TestPipelineOptionsAndFlags" name="test_pipeline_verbose_flag_execution" time="0.210" /><testcase classname="tests.test_e2e_pipeline.TestPipelineExceptionPropagation" name="test_pipeline_validation_error_invalid_input_source" time="0.003" /><testcase classname="tests.test_e2e_pipeline.TestPipelineExceptionPropagation" name="test_pipeline_validation_error_invalid_timestamp_format" time="0.201" /><testcase classname="tests.test_e2e_pipeline.TestPipelineExceptionPropagation" name="test_pipeline_validation_error_start_after_end" time="0.208" /><testcase classname="tests.test_e2e_pipeline.TestPipelineExceptionPropagation" name="test_pipeline_validation_error_end_and_duration_conflict" time="0.200" /><testcase classname="tests.test_e2e_pipeline.TestPipelineExceptionPropagation" name="test_pipeline_download_error_propagation" time="0.005" /><testcase classname="tests.test_e2e_pipeline.TestPipelineExceptionPropagation" name="test_pipeline_processing_error_propagation" time="0.205" /><testcase classname="tests.test_e2e_pipeline.TestPipelineExceptionPropagation" name="test_pipeline_ffmpeg_not_found_error_propagation" time="0.209" /><testcase classname="tests.test_e2e_pipeline.TestEntrypointExecution" name="test_main_entrypoint_help_flag" time="0.004" /><testcase classname="tests.test_e2e_pipeline.TestEntrypointExecution" name="test_main_entrypoint_local_file_execution" time="0.215" /><testcase classname="tests.test_e2e_pipeline.TestEntrypointExecution" name="test_main_entrypoint_youtube_url_execution" time="0.015" /><testcase classname="tests.test_e2e_pipeline.TestEntrypointExecution" name="test_main_entrypoint_validation_error" time="0.003" /><testcase classname="tests.test_e2e_pipeline.TestEntrypointExecution" name="test_main_entrypoint_end_duration_conflict" time="0.199" /><testcase classname="tests.test_e2e_pipeline.TestEntrypointExecution" name="test_python_m_youtube_clipper_invocation" time="0.058" /><testcase classname="tests.test_e2e_processor" name="test_processor_init_success" time="0.003" /><testcase classname="tests.test_e2e_processor" name="test_cut_media_fast_seeking_ss_before_i" time="0.013" /><testcase classname="tests.test_e2e_processor" name="test_cut_media_duration_flag" time="0.012" /><testcase classname="tests.test_e2e_processor" name="test_cut_media_default_reencoding_codecs" time="0.012" /><testcase classname="tests.test_e2e_processor" name="test_cut_media_stream_copy_flag" time="0.012" /><testcase classname="tests.test_e2e_processor" name="test_cut_media_output_path_returned" time="0.011" /><testcase classname="tests.test_e2e_processor" name="test_processor_missing_ffmpeg_executable" time="0.003" /><testcase classname="tests.test_e2e_processor" name="test_cut_media_non_zero_exit_code" time="0.010" /><testcase classname="tests.test_e2e_processor" name="test_cut_media_missing_input_file" time="0.003" /><testcase classname="tests.test_e2e_processor" name="test_cut_media_output_dir_creation_on_demand" time="0.013" /><testcase classname="tests.test_e2e_processor" name="test_cut_media_zero_or_negative_duration[5.0-5.0]" time="0.003" /><testcase classname="tests.test_e2e_processor" name="test_cut_media_zero_or_negative_duration[10.0-5.0]" time="0.003" /><testcase classname="tests.test_e2e_processor" name="test_cut_media_zero_or_negative_duration[-2.0-5.0]" time="0.003" /><testcase classname="tests.test_e2e_processor" name="test_cut_media_custom_ffmpeg_binary_path" time="0.013" /><testcase classname="tests.test_e2e_scenarios.TestTier3PairwiseCombinations" name="test_pairwise_local_file_start_duration_custom_output" time="0.208" /><testcase classname="tests.test_e2e_scenarios.TestTier3PairwiseCombinations" name="test_pairwise_youtube_url_mmss_range_fast_copy" time="0.015" /><testcase classname="tests.test_e2e_scenarios.TestTier3PairwiseCombinations" name="test_pairwise_shorts_url_float_timestamps_verbose" time="0.015" /><testcase classname="tests.test_e2e_scenarios.TestTier3PairwiseCombinations" name="test_pairwise_invalid_options_end_and_duration_conflict" time="0.195" /><testcase classname="tests.test_e2e_scenarios.TestTier3PairwiseCombinations" name="test_pairwise_invalid_timestamp_format_and_youtube_url" time="0.006" /><testcase classname="tests.test_e2e_scenarios.TestTier3PairwiseCombinations" name="test_pairwise_local_file_hhmmss_range_fast_copy" time="0.205" /><testcase classname="tests.test_e2e_scenarios.TestTier3PairwiseCombinations" name="test_pairwise_youtube_url_start_only_custom_output" time="0.014" /><testcase classname="tests.test_e2e_scenarios.TestTier3PairwiseCombinations" name="test_pairwise_shorts_url_start_duration_fast_copy" time="0.014" /><testcase classname="tests.test_e2e_scenarios.TestTier3PairwiseCombinations" name="test_pairwise_youtube_url_with_timestamp_param_custom_output" time="0.014" /><testcase classname="tests.test_e2e_scenarios.TestTier3PairwiseCombinations" name="test_pairwise_nonexistent_local_file_with_valid_timestamps" time="0.002" /><testcase classname="tests.test_e2e_scenarios.TestTier4RealWorldScenarios" name="test_scenario_1_highlight_clipping_30s" time="0.210" /><testcase classname="tests.test_e2e_scenarios.TestTier4RealWorldScenarios" name="test_scenario_2_youtube_tutorial_extraction" time="0.014" /><testcase classname="tests.test_e2e_scenarios.TestTier4RealWorldScenarios" name="test_scenario_3_fast_stream_copying" time="0.209" /><testcase classname="tests.test_e2e_scenarios.TestTier4RealWorldScenarios" name="test_scenario_4_download_failure_recovery" time="0.005" /><testcase classname="tests.test_e2e_scenarios.TestTier4RealWorldScenarios" name="test_scenario_5_full_cli_execution_via_runner_youtube_url" time="0.015" /><testcase classname="tests.test_e2e_scenarios.TestTier4RealWorldScenarios" name="test_scenario_5_full_cli_execution_via_runner_local_file" time="0.205" /><testcase classname="tests.test_e2e_validation.TestCustomExceptionsEngine" name="test_clipper_error_base_properties" time="0.002" /><testcase classname="tests.test_e2e_validation.TestCustomExceptionsEngine" name="test_validation_error_properties" time="0.002" /><testcase classname="tests.test_e2e_validation.TestCustomExceptionsEngine" name="test_download_error_properties" time="0.001" /><testcase classname="tests.test_e2e_validation.TestCustomExceptionsEngine" name="test_processing_error_properties" time="0.002" /><testcase classname="tests.test_e2e_validation.TestCustomExceptionsEngine" name="test_ffmpeg_not_found_error_properties" time="0.002" /><testcase classname="tests.test_e2e_validation.TestCustomExceptionsEngine" name="test_exceptions_inheritance_hierarchy" time="0.002" /><testcase classname="tests.test_e2e_validation.TestCustomExceptionsEngine" name="test_exceptions_polymorphic_catching" time="0.002" /><testcase classname="tests.test_e2e_validation.TestCustomExceptionsEngine" name="test_exceptions_optional_attributes_defaults" time="0.001" /><testcase classname="tests.test_e2e_validation.TestParseTimestampEngine" name="test_parse_timestamp_tier1_valid_formats[01:02:03-3723.0]" time="0.002" /><testcase classname="tests.test_e2e_validation.TestParseTimestampEngine" name="test_parse_timestamp_tier1_valid_formats[02:30:15-9015.0]" time="0.002" /><testcase classname="tests.test_e2e_validation.TestParseTimestampEngine" name="test_parse_timestamp_tier1_valid_formats[00:00:00-0.0]" time="0.002" /><testcase classname="tests.test_e2e_validation.TestParseTimestampEngine" name="test_parse_timestamp_tier1_valid_formats[05:30-330.0]" time="0.002" /><testcase classname="tests.test_e2e_validation.TestParseTimestampEngine" name="test_parse_timestamp_tier1_valid_formats[12:45-765.0]" time="0.002" /><testcase classname="tests.test_e2e_validation.TestParseTimestampEngine" name="test_parse_timestamp_tier1_valid_formats[00:00-0.0]" time="0.002" /><testcase classname="tests.test_e2e_validation.TestParseTimestampEngine" name="test_parse_timestamp_tier1_valid_formats[90:00-5400.0]" time="0.002" /><testcase classname="tests.test_e2e_validation.TestParseTimestampEngine" name="test_parse_timestamp_tier1_valid_formats[45-45.0]" time="0.002" /><testcase classname="tests.test_e2e_validation.TestParseTimestampEngine" name="test_parse_timestamp_tier1_valid_formats[0-0.0]" time="0.002" /><testcase classname="tests.test_e2e_validation.TestParseTimestampEngine" name="test_parse_timestamp_tier1_valid_formats[120-120.0]" time="0.002" /><testcase classname="tests.test_e2e_validation.TestParseTimestampEngine" name="test_parse_timestamp_tier1_valid_formats[45.5-45.5]" time="0.002" /><testcase classname="tests.test_e2e_validation.TestParseTimestampEngine" name="test_parse_timestamp_tier1_valid_formats[0.25-0.25]" time="0.002" /><testcase classname="tests.test_e2e_validation.TestParseTimestampEngine" name="test_parse_timestamp_tier1_valid_formats[01:02:03.456-3723.456]" time="0.002" /><testcase classname="tests.test_e2e_validation.TestParseTimestampEngine" name="test_parse_timestamp_tier1_numeric_types[0-0.0]" time="0.002" /><testcase classname="tests.test_e2e_validation.TestParseTimestampEngine" name="test_parse_timestamp_tier1_numeric_types[120-120.0]" time="0.002" /><testcase classname="tests.test_e2e_validation.TestParseTimestampEngine" name="test_parse_timestamp_tier1_numeric_types[45.5-45.5]" time="0.002" /><testcase classname="tests.test_e2e_validation.TestParseTimestampEngine" name="test_parse_timestamp_tier1_numeric_types[0.0-0.0]" time="0.002" /><testcase classname="tests.test_e2e_validation.TestParseTimestampEngine" name="test_parse_timestamp_tier2_invalid_string_formats[abc]" time="0.002" /><testcase classname="tests.test_e2e_validation.TestParseTimestampEngine" name="test_parse_timestamp_tier2_invalid_string_formats[12:34:56:78]" time="0.002" /><testcase classname="tests.test_e2e_validation.TestParseTimestampEngine" name="test_parse_timestamp_tier2_invalid_string_formats[01:ab:00]" time="0.002" /><testcase classname="tests.test_e2e_validation.TestParseTimestampEngine" name="test_parse_timestamp_tier2_invalid_string_formats[12:34:56.78:90]" time="0.004" /><testcase classname="tests.test_e2e_validation.TestParseTimestampEngine" name="test_parse_timestamp_tier2_invalid_string_formats[1:2:3:4]" time="0.002" /><testcase classname="tests.test_e2e_validation.TestParseTimestampEngine" name="test_parse_timestamp_tier2_negative_timestamps[-05:00]" time="0.002" /><testcase classname="tests.test_e2e_validation.TestParseTimestampEngine" name="test_parse_timestamp_tier2_negative_timestamps[-10_0]" time="0.002" /><testcase classname="tests.test_e2e_validation.TestParseTimestampEngine" name="test_parse_timestamp_tier2_negative_timestamps[-01:30]" time="0.002" /><testcase classname="tests.test_e2e_validation.TestParseTimestampEngine" name="test_parse_timestamp_tier2_negative_timestamps[-5.5]" time="0.002" /><testcase classname="tests.test_e2e_validation.TestParseTimestampEngine" name="test_parse_timestamp_tier2_negative_timestamps[-10_1]" time="0.002" /><testcase classname="tests.test_e2e_validation.TestParseTimestampEngine" name="test_parse_timestamp_tier2_negative_timestamps[-0.5]" time="0.002" /><testcase classname="tests.test_e2e_validation.TestParseTimestampEngine" name="test_parse_timestamp_tier2_overflow_components[01:60:00]" time="0.002" /><testcase classname="tests.test_e2e_validation.TestParseTimestampEngine" name="test_parse_timestamp_tier2_overflow_components[05:60]" time="0.002" /><testcase classname="tests.test_e2e_validation.TestParseTimestampEngine" name="test_parse_timestamp_tier2_overflow_components[01:05:60]" time="0.002" /><testcase classname="tests.test_e2e_validation.TestParseTimestampEngine" name="test_parse_timestamp_tier2_overflow_components[00:60:30]" time="0.002" /><testcase classname="tests.test_e2e_validation.TestParseTimestampEngine" name="test_parse_timestamp_tier2_empty_and_invalid_types[]" time="0.002" /><testcase classname="tests.test_e2e_validation.TestParseTimestampEngine" name="test_parse_timestamp_tier2_empty_and_invalid_types[   ]" time="0.002" /><testcase classname="tests.test_e2e_validation.TestParseTimestampEngine" name="test_parse_timestamp_tier2_empty_and_invalid_types[None]" time="0.002" /><testcase classname="tests.test_e2e_validation.TestParseTimestampEngine" name="test_parse_timestamp_tier2_empty_and_invalid_types[empty_or_invalid_type3]" time="0.002" /><testcase classname="tests.test_e2e_validation.TestParseTimestampEngine" name="test_parse_timestamp_tier2_empty_and_invalid_types[empty_or_invalid_type4]" time="0.002" /><testcase classname="tests.test_e2e_validation.TestValidateTimeRangeEngine" name="test_validate_time_range_tier1_valid_start_and_end" time="0.002" /><testcase classname="tests.test_e2e_validation.TestValidateTimeRangeEngine" name="test_validate_time_range_tier1_start_only" time="0.002" /><testcase classname="tests.test_e2e_validation.TestValidateTimeRangeEngine" name="test_validate_time_range_tier1_end_only_default_start" time="0.002" /><testcase classname="tests.test_e2e_validation.TestValidateTimeRangeEngine" name="test_validate_time_range_tier1_start_and_duration" time="0.002" /><testcase classname="tests.test_e2e_validation.TestValidateTimeRangeEngine" name="test_validate_time_range_tier2_start_ge_end" time="0.002" /><testcase classname="tests.test_e2e_validation.TestValidateTimeRangeEngine" name="test_validate_time_range_tier2_negative_start" time="0.002" /><testcase classname="tests.test_e2e_validation.TestValidateTimeRangeEngine" name="test_validate_time_range_tier2_zero_end" time="0.002" /><testcase classname="tests.test_e2e_validation.TestValidateTimeRangeEngine" name="test_validate_time_range_tier2_conflicting_end_and_duration" time="0.002" /><testcase classname="tests.test_e2e_validation.TestValidateTimeRangeEngine" name="test_validate_time_range_tier2_negative_or_zero_duration" time="0.002" /><testcase classname="tests.test_e2e_validation.TestValidateTimeRangeEngine" name="test_validate_time_range_tier2_neither_end_nor_duration" time="0.002" /><testcase classname="tests.test_e2e_validation.TestValidateTimeRangeEngine" name="test_validate_time_range_tier2_invalid_duration_format" time="0.002" /><testcase classname="tests.test_e2e_validation.TestIsYoutubeUrlEngine" name="test_is_youtube_url_tier1_valid_urls[https://www.youtube.com/watch?v=dQw4w9WgXcQ]" time="0.002" /><testcase classname="tests.test_e2e_validation.TestIsYoutubeUrlEngine" name="test_is_youtube_url_tier1_valid_urls[http://www.youtube.com/watch?v=dQw4w9WgXcQ]" time="0.002" /><testcase classname="tests.test_e2e_validation.TestIsYoutubeUrlEngine" name="test_is_youtube_url_tier1_valid_urls[www.youtube.com/watch?v=dQw4w9WgXcQ]" time="0.002" /><testcase classname="tests.test_e2e_validation.TestIsYoutubeUrlEngine" name="test_is_youtube_url_tier1_valid_urls[youtube.com/watch?v=dQw4w9WgXcQ]" time="0.002" /><testcase classname="tests.test_e2e_validation.TestIsYoutubeUrlEngine" name="test_is_youtube_url_tier1_valid_urls[https://youtu.be/dQw4w9WgXcQ]" time="0.002" /><testcase classname="tests.test_e2e_validation.TestIsYoutubeUrlEngine" name="test_is_youtube_url_tier1_valid_urls[https://www.youtube.com/shorts/dQw4w9WgXcQ]" time="0.002" /><testcase classname="tests.test_e2e_validation.TestIsYoutubeUrlEngine" name="test_is_youtube_url_tier1_valid_urls[https://www.youtube.com/embed/dQw4w9WgXcQ]" time="0.002" /><testcase classname="tests.test_e2e_validation.TestIsYoutubeUrlEngine" name="test_is_youtube_url_tier1_valid_urls[https://www.youtube.com/live/dQw4w9WgXcQ]" time="0.002" /><testcase classname="tests.test_e2e_validation.TestIsYoutubeUrlEngine" name="test_is_youtube_url_tier1_valid_urls[https://m.youtube.com/watch?v=dQw4w9WgXcQ]" time="0.002" /><testcase classname="tests.test_e2e_validation.TestIsYoutubeUrlEngine" name="test_is_youtube_url_tier1_music_youtube_url" time="0.002" /><testcase classname="tests.test_e2e_validation.TestIsYoutubeUrlEngine" name="test_is_youtube_url_tier2_invalid_domains_and_missing_host[http://]" time="0.002" /><testcase classname="tests.test_e2e_validation.TestIsYoutubeUrlEngine" name="test_is_youtube_url_tier2_invalid_domains_and_missing_host[https://vimeo.com/12345678]" time="0.002" /><testcase classname="tests.test_e2e_validation.TestIsYoutubeUrlEngine" name="test_is_youtube_url_tier2_invalid_domains_and_missing_host[https://google.com]" time="0.002" /><testcase classname="tests.test_e2e_validation.TestIsYoutubeUrlEngine" name="test_is_youtube_url_tier2_invalid_domains_and_missing_host[https://dailymotion.com/video/x7gnn3]" time="0.002" /><testcase classname="tests.test_e2e_validation.TestIsYoutubeUrlEngine" name="test_is_youtube_url_tier2_invalid_domains_and_missing_host[ftp://youtube.com/watch?v=dQw4w9WgXcQ]" time="0.002" /><testcase classname="tests.test_e2e_validation.TestIsYoutubeUrlEngine" name="test_is_youtube_url_tier2_malformed_urls[https://www.youtube.com/]" time="0.002" /><testcase classname="tests.test_e2e_validation.TestIsYoutubeUrlEngine" name="test_is_youtube_url_tier2_malformed_urls[https://www.youtube.com/watch?v=]" time="0.002" /><testcase classname="tests.test_e2e_validation.TestIsYoutubeUrlEngine" name="test_is_youtube_url_tier2_malformed_urls[https://youtu.be/short]" time="0.002" /><testcase classname="tests.test_e2e_validation.TestIsYoutubeUrlEngine" name="test_is_youtube_url_tier2_malformed_urls[https://www.youtube.com/watch?v=123]" time="0.002" /><testcase classname="tests.test_e2e_validation.TestIsYoutubeUrlEngine" name="test_is_youtube_url_tier2_malformed_urls[/tmp/video.mp4]" time="0.002" /><testcase classname="tests.test_e2e_validation.TestIsYoutubeUrlEngine" name="test_is_youtube_url_tier2_non_string_and_empty_inputs[]" time="0.002" /><testcase classname="tests.test_e2e_validation.TestIsYoutubeUrlEngine" name="test_is_youtube_url_tier2_non_string_and_empty_inputs[   ]" time="0.002" /><testcase classname="tests.test_e2e_validation.TestIsYoutubeUrlEngine" name="test_is_youtube_url_tier2_non_string_and_empty_inputs[None]" time="0.002" /><testcase classname="tests.test_e2e_validation.TestIsYoutubeUrlEngine" name="test_is_youtube_url_tier2_non_string_and_empty_inputs[12345]" time="0.002" /><testcase classname="tests.test_e2e_validation.TestIsYoutubeUrlEngine" name="test_is_youtube_url_tier2_non_string_and_empty_inputs[non_string_input4]" time="0.002" /><testcase classname="tests.test_e2e_validation.TestValidateInputSourceEngine" name="test_validate_input_source_tier1_youtube_url" time="0.002" /><testcase classname="tests.test_e2e_validation.TestValidateInputSourceEngine" name="test_validate_input_source_tier1_existing_local_file" time="0.002" /><testcase classname="tests.test_e2e_validation.TestValidateInputSourceEngine" name="test_validate_input_source_tier2_nonexistent_local_file" time="0.002" /><testcase classname="tests.test_e2e_validation.TestValidateInputSourceEngine" name="test_validate_input_source_tier2_empty_and_none_inputs[]" time="0.002" /><testcase classname="tests.test_e2e_validation.TestValidateInputSourceEngine" name="test_validate_input_source_tier2_empty_and_none_inputs[   ]" time="0.002" /><testcase classname="tests.test_e2e_validation.TestValidateInputSourceEngine" name="test_validate_input_source_tier2_empty_and_none_inputs[None]" time="0.002" /><testcase classname="tests.test_e2e_validation.TestValidateInputSourceEngine" name="test_validate_input_source_tier2_directory_path" time="0.002" /><testcase classname="tests.test_env" name="test_environment_phase_writes_all_literal_checks" time="0.008" /><testcase classname="tests.test_env" name="test_fonts_check_uses_regex_alternation" time="0.002" /><testcase classname="tests.test_env" name="test_environment_phase_retries_failure_and_records_install" time="0.006" /><testcase classname="tests.test_env" name="test_environment_phase_refuses_to_modify_existing_run" time="0.002" /><testcase classname="tests.test_env" name="test_verifier_rejects_tampered_declaration" time="0.003" /><testcase classname="tests.test_env" name="test_summary_preserves_recorded_failure" time="0.002" /><testcase classname="tests.test_gdrive_uploader.TestGoogleDriveUploaderInit" name="test_init_with_valid_credential_path" time="0.005" /><testcase classname="tests.test_gdrive_uploader.TestGoogleDriveUploaderInit" name="test_init_with_missing_credential_path_raises_file_not_found" time="0.005" /><testcase classname="tests.test_gdrive_uploader.TestGoogleDriveUploadClip" name="test_upload_clip_existing_folder" time="0.222" /><testcase classname="tests.test_gdrive_uploader.TestGoogleDriveUploadClip" name="test_upload_clip_creates_new_folder" time="0.205" /><testcase classname="tests.test_gdrive_uploader.TestGoogleDriveUploadClip" name="test_upload_clip_with_folder_id" time="0.201" /><testcase classname="tests.test_gdrive_uploader.TestGoogleDriveUploadClip" name="test_upload_clip_with_folder_id_and_folder_name" time="0.194" /><testcase classname="tests.test_gdrive_uploader.TestGoogleDriveUploadClip" name="test_upload_clip_missing_video_file_raises_file_not_found" time="0.005" /><testcase classname="tests.test_gdrive_uploader.TestGoogleDriveUploadClip" name="test_upload_clip_storage_quota_exceeded_raises_descriptive_error" time="0.199" /><testcase classname="tests.test_gdrive_uploader.TestGoogleDriveAuthTiers" name="test_tier_1_env_vars_auth" time="0.005" /><testcase classname="tests.test_gdrive_uploader.TestGoogleDriveAuthTiers" name="test_tier_2_corrupted_token_json_falls_back_to_tier_3" time="0.005" /><testcase classname="tests.test_gdrive_uploader.TestGoogleDriveUploadHelper" name="test_upload_clip_to_gdrive_success" time="0.204" /><testcase classname="tests.test_gdrive_uploader.TestGoogleDriveUploadHelper" name="test_upload_clip_to_gdrive_missing_credentials_returns_error_dict" time="0.198" /><testcase classname="tests.test_gdrive_uploader.TestGoogleDriveUploaderConcurrency" name="test_concurrent_uploads" time="0.202" /><testcase classname="tests.test_gdrive_uploader" name="test_drive_scope_is_least_privilege" time="0.002" /><testcase classname="tests.test_gdrive_uploader" name="test_upload_is_private_by_default" time="0.198" /><testcase classname="tests.test_gdrive_uploader" name="test_public_link_requires_explicit_opt_in" time="0.201" /><testcase classname="tests.test_gdrive_uploader_adversarial.TestAdversarialTokenAndServiceAccountFallback" name="test_corrupted_token_json_with_valid_sa_falls_back" time="0.005" /><testcase classname="tests.test_gdrive_uploader_adversarial.TestAdversarialTokenAndServiceAccountFallback" name="test_empty_token_json_with_valid_sa_falls_back" time="0.005" /><testcase classname="tests.test_gdrive_uploader_adversarial.TestAdversarialTokenAndServiceAccountFallback" name="test_empty_dict_token_json_with_valid_sa_falls_back" time="0.006" /><testcase classname="tests.test_gdrive_uploader_adversarial.TestAdversarialTokenAndServiceAccountFallback" name="test_corrupted_token_json_and_missing_sa_raises_file_not_found" time="0.061" /><testcase classname="tests.test_gdrive_uploader_adversarial.TestAdversarialTokenAndServiceAccountFallback" name="test_missing_token_and_missing_sa_raises_file_not_found" time="0.004" /><testcase classname="tests.test_gdrive_uploader_adversarial.TestAdversarialTokenAndServiceAccountFallback" name="test_corrupted_sa_raises_gdrive_upload_error" time="0.004" /><testcase classname="tests.test_gdrive_uploader_adversarial.TestAdversarialHttpErrorQuotaHandling" name="test_httperror_403_status_only_raises_descriptive_gdrive_error" time="0.201" /><testcase classname="tests.test_gdrive_uploader_adversarial.TestAdversarialHttpErrorQuotaHandling" name="test_httperror_with_storage_quota_exceeded_in_body_raises_descriptive_error" time="0.204" /><testcase classname="tests.test_gdrive_uploader_adversarial.TestAdversarialHttpErrorQuotaHandling" name="test_permission_creation_failure_is_non_fatal" time="0.201" /><testcase classname="tests.test_gdrive_uploader_challenger.TestFolderIdBehaviorAdversarial" name="test_folder_id_supplied" time="0.206" /><testcase classname="tests.test_gdrive_uploader_challenger.TestFolderIdBehaviorAdversarial" name="test_folder_id_omitted" time="0.207" /><testcase classname="tests.test_gdrive_uploader_challenger.TestFolderIdBehaviorAdversarial" name="test_folder_id_explicit_none" time="0.210" /><testcase classname="tests.test_gdrive_uploader_challenger.TestFolderIdBehaviorAdversarial" name="test_folder_id_empty_string" time="0.205" /><testcase classname="tests.test_gdrive_uploader_challenger.TestFolderIdBehaviorAdversarial" name="test_folder_name_ignored_when_default_folder_id_present" time="0.196" /><testcase classname="tests.test_gdrive_uploader_challenger.TestFolderIdBehaviorAdversarial" name="test_folder_name_used_when_default_folder_id_empty" time="0.200" /><testcase classname="tests.test_gdrive_uploader_challenger.TestMultiThreadingAndConcurrencyAdversarial" name="test_upload_clip_async_existence_check" time="0.002" /><testcase classname="tests.test_gdrive_uploader_challenger.TestMultiThreadingAndConcurrencyAdversarial" name="test_concurrent_uploads_single_uploader_instance" time="0.208" /><testcase classname="tests.test_gdrive_uploader_challenger.TestMultiThreadingAndConcurrencyAdversarial" name="test_concurrent_uploads_helper_function" time="0.208" /><testcase classname="tests.test_gdrive_uploader_challenger.TestMultiThreadingAndConcurrencyAdversarial" name="test_asyncio_thread_execution" time="0.206" /><testcase classname="tests.test_gdrive_uploader_challenger.TestPermissionsAndErrorHandlingAdversarial" name="test_permission_creation_failure_does_not_fail_upload" time="0.198" /><testcase classname="tests.test_gdrive_uploader_challenger.TestPermissionsAndErrorHandlingAdversarial" name="test_generic_http_error_handling" time="0.205" /><testcase classname="tests.test_ingest" name="test_probe_video_metadata" time="0.521" /><testcase classname="tests.test_ingest" name="test_run_ingest_local_video" time="0.522" /><testcase classname="tests.test_ingest" name="test_run_ingest_invalid_source_raises_validation_error" time="0.007" /><testcase classname="tests.test_ingest" name="test_run_ingest_youtube_uses_full_download_and_explicit_cookies" time="0.005" /><testcase classname="tests.test_integration_stages_1_to_4" name="test_integration_stages_1_to_4_e2e" time="5.181" /><testcase classname="tests.test_integration_stages_5_to_9" name="test_integration_stages_5_to_9_sequential" time="15.826" /><testcase classname="tests.test_integration_stages_5_to_9" name="test_run_full_pipeline_mock_backend" time="10.872" /><testcase classname="tests.test_media_validation" name="test_validate_media_output_returns_measured_metadata" time="0.002" /><testcase classname="tests.test_media_validation" name="test_validate_media_output_rejects_undersized_file" time="0.002" /><testcase classname="tests.test_media_validation" name="test_validate_media_output_rejects_invalid_probe_metadata[payload0-positive duration]" time="0.002" /><testcase classname="tests.test_media_validation" name="test_validate_media_output_rejects_invalid_probe_metadata[payload1-width is 720]" time="0.002" /><testcase classname="tests.test_media_validation" name="test_validate_media_output_rejects_ffprobe_failure" time="0.002" /><testcase classname="tests.test_mutation" name="test_mutation_0_golden_run_passes" time="3.477" /><testcase classname="tests.test_mutation" name="test_mutation_1_byte_corruption" time="0.354" /><testcase classname="tests.test_mutation" name="test_mutation_2_seq_hole" time="0.349" /><testcase classname="tests.test_mutation" name="test_mutation_3_seq_duplicate" time="0.356" /><testcase classname="tests.test_mutation" name="test_mutation_4_wrong_video_resolution" time="3.424" /><testcase classname="tests.test_mutation" name="test_mutation_5_audio_loudness_out_of_bounds" time="3.446" /><testcase classname="tests.test_mutation" name="test_mutation_6_video_duration_out_of_bounds" time="1.840" /><testcase classname="tests.test_mutation" name="test_mutation_7_missing_evidence_artifact" time="0.006" /><testcase classname="tests.test_mutation" name="test_mutation_8_missing_events_file" time="0.004" /><testcase classname="tests.test_mutation" name="test_mutation_9_invalid_event_schema" time="0.006" /><testcase classname="tests.test_mutation" name="test_mutation_10_stage_dag_out_of_order" time="0.365" /><testcase classname="tests.test_mutation" name="test_mutation_11_non_monotonic_timestamp" time="0.367" /><testcase classname="tests.test_mutation" name="test_mutation_12_commands_log_unsynced" time="0.390" /><testcase classname="tests.test_mutation" name="test_mutation_13_non_zero_exit_code" time="0.369" /><testcase classname="tests.test_mutation" name="test_mutation_14_missing_producer_evidence" time="0.007" /><testcase classname="tests.test_mutation" name="test_mutation_15_artifact_bytes_mismatch" time="0.342" /><testcase classname="tests.test_mutation" name="test_mutation_16_audio_stream_count_mismatch" time="2.406" /><testcase classname="tests.test_pipeline.TestPipelineLocalFileInput" name="test_pipeline_local_file_basic_flow" time="0.211" /><testcase classname="tests.test_pipeline.TestPipelineLocalFileInput" name="test_pipeline_local_file_with_duration" time="0.212" /><testcase classname="tests.test_pipeline.TestPipelineLocalFileInput" name="test_pipeline_local_file_fast_copy" time="0.212" /><testcase classname="tests.test_pipeline.TestPipelineYouTubeURLInput" name="test_pipeline_youtube_url_basic_flow" time="0.015" /><testcase classname="tests.test_pipeline.TestPipelineYouTubeURLInput" name="test_pipeline_youtube_url_temp_dir_cleanup" time="0.015" /><testcase classname="tests.test_pipeline.TestPipelineFilenameSynthesis" name="test_synthesize_output_filename_local_file_default" time="0.002" /><testcase classname="tests.test_pipeline.TestPipelineFilenameSynthesis" name="test_synthesize_output_filename_youtube_url_default" time="0.002" /><testcase classname="tests.test_pipeline.TestPipelineFilenameSynthesis" name="test_synthesize_output_filename_directory_target" time="0.002" /><testcase classname="tests.test_pipeline.TestPipelineFilenameSynthesis" name="test_synthesize_output_filename_explicit_filepath" time="0.002" /><testcase classname="tests.test_pipeline.TestPipelineFailureModesAndExitCodes" name="test_exit_code_validation_error_invalid_input" time="0.002" /><testcase classname="tests.test_pipeline.TestPipelineFailureModesAndExitCodes" name="test_exit_code_validation_error_invalid_time_range" time="0.202" /><testcase classname="tests.test_pipeline.TestPipelineFailureModesAndExitCodes" name="test_exit_code_download_error" time="0.004" /><testcase classname="tests.test_pipeline.TestPipelineFailureModesAndExitCodes" name="test_exit_code_processing_error" time="0.202" /><testcase classname="tests.test_pipeline.TestCLIEntrypoint" name="test_main_cli_runner_success" time="0.213" /><testcase classname="tests.test_pipeline.TestCLIEntrypoint" name="test_python_m_youtube_clipper_subprocess_help" time="0.055" /><testcase classname="tests.test_pipeline" name="test_pipeline_passes_cookies_to_request_scoped_downloader" time="0.013" /><testcase classname="tests.test_processor.TestFFmpegProcessorInit" name="test_init_default_ffmpeg_found" time="0.002" /><testcase classname="tests.test_processor.TestFFmpegProcessorInit" name="test_init_custom_ffmpeg_path" time="0.002" /><testcase classname="tests.test_processor.TestFFmpegProcessorInit" name="test_init_missing_ffmpeg_raises_error" time="0.002" /><testcase classname="tests.test_processor.TestFFmpegProcessorCommandGeneration" name="test_cut_media_flag_ordering_ss_before_i" time="0.210" /><testcase classname="tests.test_processor.TestFFmpegProcessorCommandGeneration" name="test_cut_media_duration_flag_t" time="0.209" /><testcase classname="tests.test_processor.TestFFmpegProcessorCommandGeneration" name="test_cut_media_reencoding_codecs_default" time="0.205" /><testcase classname="tests.test_processor.TestFFmpegProcessorCommandGeneration" name="test_cut_media_stream_copy_flag" time="0.211" /><testcase classname="tests.test_processor.TestFFmpegProcessorCommandGeneration" name="test_cut_media_output_overwrite_flag" time="0.209" /><testcase classname="tests.test_processor.TestFFmpegProcessorErrorsAndBoundaries" name="test_cut_media_non_existent_input_file" time="0.002" /><testcase classname="tests.test_processor.TestFFmpegProcessorErrorsAndBoundaries" name="test_cut_media_invalid_timestamp_ranges[-1.0-5.0]" time="0.206" /><testcase classname="tests.test_processor.TestFFmpegProcessorErrorsAndBoundaries" name="test_cut_media_invalid_timestamp_ranges[10.0-5.0]" time="0.201" /><testcase classname="tests.test_processor.TestFFmpegProcessorErrorsAndBoundaries" name="test_cut_media_invalid_timestamp_ranges[5.0-5.0]" time="0.202" /><testcase classname="tests.test_processor.TestFFmpegProcessorErrorsAndBoundaries" name="test_cut_media_ffmpeg_subprocess_failure" time="0.207" /><testcase classname="tests.test_processor.TestFFmpegProcessorErrorsAndBoundaries" name="test_cut_media_missing_ffmpeg_at_runtime" time="0.201" /><testcase classname="tests.test_processor.TestFFmpegProcessorErrorsAndBoundaries" name="test_cut_media_creates_output_directories" time="0.208" /><testcase classname="tests.test_processor.TestFFmpegProcessorIntegration" name="test_real_ffmpeg_cut_media_synthetic_mp4" time="0.435" /><testcase classname="tests.test_processor.TestFFmpegProcessorIntegration" name="test_real_ffmpeg_cut_media_stream_copy" time="0.348" /><testcase classname="tests.test_regression_media" name="test_synthetic_mp4_generation_and_properties" time="0.695" /><testcase classname="tests.test_regression_media" name="test_double_cut_scenario_raises_processing_error" time="0.683" /><testcase classname="tests.test_regression_media" name="test_small_or_corrupt_file_raises_processing_error" time="0.341" /><testcase classname="tests.test_regression_media" name="test_pipeline_youtube_offset_normalization" time="0.546" /><testcase classname="tests.test_render" name="test_build_render_filtergraph" time="0.008" /><testcase classname="tests.test_render" name="test_process_vertical_render_success" time="3.966" /><testcase classname="tests.test_render" name="test_process_vertical_render_missing_input" time="0.005" /><testcase classname="tests.test_render" name="test_run_render_callback_delegation" time="0.005" /><testcase classname="tests.test_render" name="test_run_render_callback_preserves_keyword_arguments" time="0.005" /><testcase classname="tests.test_render" name="test_run_render_physically_mixes_t3_narration" time="4.539" /><testcase classname="tests.test_scenes" name="test_detect_scenes_scenedetect" time="1.231" /><testcase classname="tests.test_scenes" name="test_detect_scenes_stage_audited" time="1.205" /><testcase classname="tests.test_scenes" name="test_detect_scenes_invalid_video_raises_processing_error" time="0.005" /><testcase classname="tests.test_select" name="test_speech_density_analyzer" time="0.004" /><testcase classname="tests.test_select" name="test_select_clip_stage_audited" time="0.008" /><testcase classname="tests.test_select" name="test_select_invalid_paths_raises_processing_error" time="0.005" /><testcase classname="tests.test_select" name="test_speech_density_analyzer_short_video_raises_processing_error" time="0.002" /><testcase classname="tests.test_select" name="test_speech_density_analyzer_empty_inputs_raises_processing_error" time="0.002" /><testcase classname="tests.test_select" name="test_speech_density_analyzer_parameter_clamping" time="0.003" /><testcase classname="tests.test_subtitles" name="test_generate_subtitles_stage_success" time="0.015" /><testcase classname="tests.test_subtitles" name="test_generate_subtitles_missing_artifact" time="0.005" /><testcase classname="tests.test_subtitles" name="test_run_subtitles_callback_delegation" time="0.004" /><testcase classname="tests.test_t0_remediations" name="test_youtube_segment_offset_is_consumed_once" time="0.674" /><testcase classname="tests.test_t0_remediations" name="test_out_of_range_cut_is_rejected" time="0.374" /><testcase classname="tests.test_t0_remediations" name="test_verifier_is_read_only_and_creates_no_collateral_run" time="0.010" /><testcase classname="tests.test_t0_remediations" name="test_legacy_absolute_evidence_is_rejected_as_non_portable" time="0.007" /><testcase classname="tests.test_t0_remediations" name="test_removing_all_declared_artifacts_fails_verification" time="0.004" /><testcase classname="tests.test_t0_remediations" name="test_verifier_rejects_evidence_path_escape" time="0.005" /><testcase classname="tests.test_t0_remediations" name="test_verifier_output_must_be_outside_verified_run" time="0.007" /><testcase classname="tests.test_t0_remediations" name="test_dashboard_refuses_public_bind_without_token" time="0.002" /><testcase classname="tests.test_t0_remediations" name="test_dashboard_token_protects_routes" time="0.537" /><testcase classname="tests.test_t0_remediations" name="test_dashboard_does_not_serve_files_outside_output_dir" time="0.505" /><testcase classname="tests.test_t0_remediations" name="test_dashboard_cookie_input_does_not_mutate_process_environment" time="0.504" /><testcase classname="tests.test_t0_remediations" name="test_dashboard_rejects_gdrive_path_outside_output_dir" time="0.504" /><testcase classname="tests.test_t0_remediations" name="test_dashboard_rejects_non_youtube_url" time="0.504" /><testcase classname="tests.test_t3_editorial" name="test_t3_golden_editorial_proof_passes" time="0.007" /><testcase classname="tests.test_t3_editorial" name="test_removing_narration_makes_verify_fail" time="0.007" /><testcase classname="tests.test_t3_editorial" name="test_repeated_variant_in_previous_five_fails" time="0.007" /><testcase classname="tests.test_t3_editorial" name="test_clip_id_changes_with_template_variant" time="0.002" /><testcase classname="tests.test_t3_editorial" name="test_runtime_policy_rejects_recent_variant" time="0.003" /><testcase classname="tests.test_t3_performance" name="test_build_vertical_filter_low_res_blur_and_sigma" time="0.002" /><testcase classname="tests.test_t3_performance" name="test_detect_h264_encoder" time="0.003" /><testcase classname="tests.test_transcribe" name="test_extract_audio_wav" time="0.588" /><testcase classname="tests.test_transcribe" name="test_run_transcribe_integration" time="1.927" /><testcase classname="tests.test_transcribe" name="test_transcribe_invalid_video_raises_processing_error" time="0.005" /><testcase classname="tests.test_validator.TestClipperExceptions" name="test_clipper_error_base" time="0.002" /><testcase classname="tests.test_validator.TestClipperExceptions" name="test_validation_error" time="0.002" /><testcase classname="tests.test_validator.TestClipperExceptions" name="test_download_error" time="0.002" /><testcase classname="tests.test_validator.TestClipperExceptions" name="test_processing_error" time="0.002" /><testcase classname="tests.test_validator.TestClipperExceptions" name="test_ffmpeg_not_found_error" time="0.002" /><testcase classname="tests.test_validator.TestParseTimestamp" name="test_parse_timestamp_valid_inputs[45-45.0]" time="0.002" /><testcase classname="tests.test_validator.TestParseTimestamp" name="test_parse_timestamp_valid_inputs[45.5-45.5]" time="0.002" /><testcase classname="tests.test_validator.TestParseTimestamp" name="test_parse_timestamp_valid_inputs[0-0.0_0]" time="0.002" /><testcase classname="tests.test_validator.TestParseTimestamp" name="test_parse_timestamp_valid_inputs[0-0.0_1]" time="0.002" /><testcase classname="tests.test_validator.TestParseTimestamp" name="test_parse_timestamp_valid_inputs[120-120.0]" time="0.002" /><testcase classname="tests.test_validator.TestParseTimestamp" name="test_parse_timestamp_valid_inputs[12.5-12.5]" time="0.002" /><testcase classname="tests.test_validator.TestParseTimestamp" name="test_parse_timestamp_valid_inputs[05:30-330.0]" time="0.002" /><testcase classname="tests.test_validator.TestParseTimestamp" name="test_parse_timestamp_valid_inputs[05:30.5-330.5]" time="0.002" /><testcase classname="tests.test_validator.TestParseTimestamp" name="test_parse_timestamp_valid_inputs[90:00-5400.0]" time="0.002" /><testcase classname="tests.test_validator.TestParseTimestamp" name="test_parse_timestamp_valid_inputs[01:02:03-3723.0]" time="0.002" /><testcase classname="tests.test_validator.TestParseTimestamp" name="test_parse_timestamp_valid_inputs[01:02:03.456-3723.456]" time="0.002" /><testcase classname="tests.test_validator.TestParseTimestamp" name="test_parse_timestamp_valid_inputs[00:00:00-0.0]" time="0.002" /><testcase classname="tests.test_validator.TestParseTimestamp" name="test_parse_timestamp_valid_inputs[  01:30  -90.0]" time="0.002" /><testcase classname="tests.test_validator.TestParseTimestamp" name="test_parse_timestamp_invalid_inputs[]" time="0.002" /><testcase classname="tests.test_validator.TestParseTimestamp" name="test_parse_timestamp_invalid_inputs[   ]" time="0.002" /><testcase classname="tests.test_validator.TestParseTimestamp" name="test_parse_timestamp_invalid_inputs[-10]" time="0.002" /><testcase classname="tests.test_validator.TestParseTimestamp" name="test_parse_timestamp_invalid_inputs[-01:30]" time="0.002" /><testcase classname="tests.test_validator.TestParseTimestamp" name="test_parse_timestamp_invalid_inputs[-5.5]" time="0.002" /><testcase classname="tests.test_validator.TestParseTimestamp" name="test_parse_timestamp_invalid_inputs[05:60]" time="0.002" /><testcase classname="tests.test_validator.TestParseTimestamp" name="test_parse_timestamp_invalid_inputs[01:60:00]" time="0.002" /><testcase classname="tests.test_validator.TestParseTimestamp" name="test_parse_timestamp_invalid_inputs[01:05:60]" time="0.002" /><testcase classname="tests.test_validator.TestParseTimestamp" name="test_parse_timestamp_invalid_inputs[01:02:03:04]" time="0.002" /><testcase classname="tests.test_validator.TestParseTimestamp" name="test_parse_timestamp_invalid_inputs[abc]" time="0.002" /><testcase classname="tests.test_validator.TestParseTimestamp" name="test_parse_timestamp_invalid_inputs[01:ab:00]" time="0.002" /><testcase classname="tests.test_validator.TestParseTimestamp" name="test_parse_timestamp_invalid_inputs[None]" time="0.002" /><testcase classname="tests.test_validator.TestParseTimestamp" name="test_parse_timestamp_invalid_inputs[invalid_input12]" time="0.002" /><testcase classname="tests.test_validator.TestParseTimestamp" name="test_parse_timestamp_bool_inputs_raise_validation_error[True]" time="0.002" /><testcase classname="tests.test_validator.TestParseTimestamp" name="test_parse_timestamp_bool_inputs_raise_validation_error[False]" time="0.002" /><testcase classname="tests.test_validator.TestParseTimestamp" name="test_parse_timestamp_nan_inf_inputs_raise_validation_error[nan0]" time="0.002" /><testcase classname="tests.test_validator.TestParseTimestamp" name="test_parse_timestamp_nan_inf_inputs_raise_validation_error[inf0]" time="0.002" /><testcase classname="tests.test_validator.TestParseTimestamp" name="test_parse_timestamp_nan_inf_inputs_raise_validation_error[-inf0]" time="0.002" /><testcase classname="tests.test_validator.TestParseTimestamp" name="test_parse_timestamp_nan_inf_inputs_raise_validation_error[nan1]" time="0.002" /><testcase classname="tests.test_validator.TestParseTimestamp" name="test_parse_timestamp_nan_inf_inputs_raise_validation_error[NaN]" time="0.002" /><testcase classname="tests.test_validator.TestParseTimestamp" name="test_parse_timestamp_nan_inf_inputs_raise_validation_error[NAN]" time="0.002" /><testcase classname="tests.test_validator.TestParseTimestamp" name="test_parse_timestamp_nan_inf_inputs_raise_validation_error[inf1]" time="0.002" /><testcase classname="tests.test_validator.TestParseTimestamp" name="test_parse_timestamp_nan_inf_inputs_raise_validation_error[Inf]" time="0.002" /><testcase classname="tests.test_validator.TestParseTimestamp" name="test_parse_timestamp_nan_inf_inputs_raise_validation_error[INFINITY]" time="0.002" /><testcase classname="tests.test_validator.TestParseTimestamp" name="test_parse_timestamp_nan_inf_inputs_raise_validation_error[-inf1]" time="0.003" /><testcase classname="tests.test_validator.TestParseTimestamp" name="test_parse_timestamp_nan_inf_inputs_raise_validation_error[1e309]" time="0.002" /><testcase classname="tests.test_validator.TestParseTimestamp" name="test_parse_timestamp_nan_inf_inputs_raise_validation_error[-1e309]" time="0.002" /><testcase classname="tests.test_validator.TestParseTimestamp" name="test_parse_timestamp_nan_inf_inputs_raise_validation_error[00:00:nan]" time="0.002" /><testcase classname="tests.test_validator.TestParseTimestamp" name="test_parse_timestamp_nan_inf_inputs_raise_validation_error[00:00:inf]" time="0.002" /><testcase classname="tests.test_validator.TestParseTimestamp" name="test_parse_timestamp_colon_space_inputs_raise_validation_error[12:34: 56]" time="0.002" /><testcase classname="tests.test_validator.TestParseTimestamp" name="test_parse_timestamp_colon_space_inputs_raise_validation_error[12: 34:56]" time="0.002" /><testcase classname="tests.test_validator.TestParseTimestamp" name="test_parse_timestamp_colon_space_inputs_raise_validation_error[12 :34:56]" time="0.002" /><testcase classname="tests.test_validator.TestParseTimestamp" name="test_parse_timestamp_colon_space_inputs_raise_validation_error[05: 30]" time="0.002" /><testcase classname="tests.test_validator.TestValidateTimeRange" name="test_valid_start_and_end" time="0.002" /><testcase classname="tests.test_validator.TestValidateTimeRange" name="test_default_start_with_end" time="0.002" /><testcase classname="tests.test_validator.TestValidateTimeRange" name="test_empty_start_string_with_end" time="0.002" /><testcase classname="tests.test_validator.TestValidateTimeRange" name="test_start_with_duration" time="0.002" /><testcase classname="tests.test_validator.TestValidateTimeRange" name="test_default_start_with_duration" time="0.002" /><testcase classname="tests.test_validator.TestValidateTimeRange" name="test_numeric_inputs" time="0.002" /><testcase classname="tests.test_validator.TestValidateTimeRange" name="test_conflict_end_and_duration_raises_error" time="0.002" /><testcase classname="tests.test_validator.TestValidateTimeRange" name="test_start_equal_to_end_raises_error" time="0.002" /><testcase classname="tests.test_validator.TestValidateTimeRange" name="test_start_greater_than_end_raises_error" time="0.002" /><testcase classname="tests.test_validator.TestValidateTimeRange" name="test_zero_duration_raises_error" time="0.002" /><testcase classname="tests.test_validator.TestValidateTimeRange" name="test_negative_duration_raises_error" time="0.002" /><testcase classname="tests.test_validator.TestValidateTimeRange" name="test_negative_start_raises_error" time="0.002" /><testcase classname="tests.test_validator.TestValidateTimeRange" name="test_neither_end_nor_duration_raises_error" time="0.002" /><testcase classname="tests.test_validator.TestValidateTimeRange" name="test_validate_time_range_bool_inputs_raise_validation_error[True]" time="0.002" /><testcase classname="tests.test_validator.TestValidateTimeRange" name="test_validate_time_range_bool_inputs_raise_validation_error[False]" time="0.002" /><testcase classname="tests.test_validator.TestValidateTimeRange" name="test_validate_time_range_nan_inf_inputs_raise_validation_error[nan0]" time="0.002" /><testcase classname="tests.test_validator.TestValidateTimeRange" name="test_validate_time_range_nan_inf_inputs_raise_validation_error[inf0]" time="0.002" /><testcase classname="tests.test_validator.TestValidateTimeRange" name="test_validate_time_range_nan_inf_inputs_raise_validation_error[nan1]" time="0.002" /><testcase classname="tests.test_validator.TestValidateTimeRange" name="test_validate_time_range_nan_inf_inputs_raise_validation_error[inf1]" time="0.002" /><testcase classname="tests.test_validator.TestValidateTimeRange" name="test_validate_time_range_nan_inf_inputs_raise_validation_error[1e309]" time="0.002" /><testcase classname="tests.test_validator.TestValidateTimeRange" name="test_validate_time_range_nan_inf_inputs_raise_validation_error[00:00:nan]" time="0.002" /><testcase classname="tests.test_validator.TestIsYoutubeUrl" name="test_valid_youtube_urls[https://www.youtube.com/watch?v=dQw4w9WgXcQ]" time="0.002" /><testcase classname="tests.test_validator.TestIsYoutubeUrl" name="test_valid_youtube_urls[http://www.youtube.com/watch?v=dQw4w9WgXcQ]" time="0.002" /><testcase classname="tests.test_validator.TestIsYoutubeUrl" name="test_valid_youtube_urls[www.youtube.com/watch?v=dQw4w9WgXcQ]" time="0.002" /><testcase classname="tests.test_validator.TestIsYoutubeUrl" name="test_valid_youtube_urls[youtube.com/watch?v=dQw4w9WgXcQ]" time="0.002" /><testcase classname="tests.test_validator.TestIsYoutubeUrl" name="test_valid_youtube_urls[https://youtu.be/dQw4w9WgXcQ]" time="0.002" /><testcase classname="tests.test_validator.TestIsYoutubeUrl" name="test_valid_youtube_urls[https://m.youtube.com/watch?v=dQw4w9WgXcQ]" time="0.002" /><testcase classname="tests.test_validator.TestIsYoutubeUrl" name="test_valid_youtube_urls[https://music.youtube.com/watch?v=dQw4w9WgXcQ]" time="0.002" /><testcase classname="tests.test_validator.TestIsYoutubeUrl" name="test_valid_youtube_urls[https://gaming.youtube.com/watch?v=dQw4w9WgXcQ]" time="0.002" /><testcase classname="tests.test_validator.TestIsYoutubeUrl" name="test_valid_youtube_urls[https://tv.youtube.com/watch?v=dQw4w9WgXcQ]" time="0.002" /><testcase classname="tests.test_validator.TestIsYoutubeUrl" name="test_valid_youtube_urls[https://www.youtube.com/shorts/dQw4w9WgXcQ]" time="0.002" /><testcase classname="tests.test_validator.TestIsYoutubeUrl" name="test_valid_youtube_urls[https://www.youtube.com/embed/dQw4w9WgXcQ]" time="0.002" /><testcase classname="tests.test_validator.TestIsYoutubeUrl" name="test_valid_youtube_urls[https://www.youtube.com/live/dQw4w9WgXcQ]" time="0.002" /><testcase classname="tests.test_validator.TestIsYoutubeUrl" name="test_valid_youtube_urls[https://www.youtube.com/watch?v=dQw4w9WgXcQ&amp;t=100s&amp;feature=shared]" time="0.002" /><testcase classname="tests.test_validator.TestIsYoutubeUrl" name="test_invalid_youtube_urls[https://vimeo.com/12345678]" time="0.002" /><testcase classname="tests.test_validator.TestIsYoutubeUrl" name="test_invalid_youtube_urls[https://google.com]" time="0.002" /><testcase classname="tests.test_validator.TestIsYoutubeUrl" name="test_invalid_youtube_urls[https://www.youtube.com/]" time="0.002" /><testcase classname="tests.test_validator.TestIsYoutubeUrl" name="test_invalid_youtube_urls[https://www.youtube.com/watch?v=]" time="0.002" /><testcase classname="tests.test_validator.TestIsYoutubeUrl" name="test_invalid_youtube_urls[https://www.youtube.com/watch?notv=dQw4w9WgXcQ]" time="0.002" /><testcase classname="tests.test_validator.TestIsYoutubeUrl" name="test_invalid_youtube_urls[https://www.youtube.com/watch?my_v=dQw4w9WgXcQ]" time="0.002" /><testcase classname="tests.test_validator.TestIsYoutubeUrl" name="test_invalid_youtube_urls[https://www.youtube.com/watch?prev=dQw4w9WgXcQ]" time="0.002" /><testcase classname="tests.test_validator.TestIsYoutubeUrl" name="test_invalid_youtube_urls[https://youtu.be/short]" time="0.002" /><testcase classname="tests.test_validator.TestIsYoutubeUrl" name="test_invalid_youtube_urls[/tmp/video.mp4]" time="0.002" /><testcase classname="tests.test_validator.TestIsYoutubeUrl" name="test_invalid_youtube_urls[]" time="0.002" /><testcase classname="tests.test_validator.TestIsYoutubeUrl" name="test_invalid_youtube_urls[None]" time="0.002" /><testcase classname="tests.test_validator.TestIsYoutubeUrl" name="test_invalid_youtube_urls[12345]" time="0.002" /><testcase classname="tests.test_validator.TestValidateInputSource" name="test_valid_youtube_url_returns_url" time="0.002" /><testcase classname="tests.test_validator.TestValidateInputSource" name="test_valid_youtube_subdomains_return_url" time="0.002" /><testcase classname="tests.test_validator.TestValidateInputSource" name="test_fake_v_parameter_url_raises_error" time="0.002" /><testcase classname="tests.test_validator.TestValidateInputSource" name="test_valid_youtube_url_with_whitespace_returns_trimmed" time="0.002" /><testcase classname="tests.test_validator.TestValidateInputSource" name="test_existing_local_file_returns_path" time="0.002" /><testcase classname="tests.test_validator.TestValidateInputSource" name="test_nonexistent_local_file_raises_error" time="0.002" /><testcase classname="tests.test_validator.TestValidateInputSource" name="test_directory_path_raises_error" time="0.002" /><testcase classname="tests.test_validator.TestValidateInputSource" name="test_empty_string_raises_error" time="0.002" /><testcase classname="tests.test_validator.TestValidateInputSource" name="test_none_input_raises_error" time="0.002" /><testcase classname="tests.test_video_formatter.TestVideoFormatterFilterBuilder" name="test_build_vertical_filter_blur_background" time="0.002" /><testcase classname="tests.test_video_formatter.TestVideoFormatterFilterBuilder" name="test_build_vertical_filter_split_blur_alias" time="0.002" /><testcase classname="tests.test_video_formatter.TestVideoFormatterFilterBuilder" name="test_build_vertical_filter_crop_center" time="0.002" /><testcase classname="tests.test_video_formatter.TestVideoFormatterFilterBuilder" name="test_build_vertical_filter_custom_dimensions" time="0.002" /><testcase classname="tests.test_video_formatter.TestVideoFormatterFilterBuilder" name="test_build_vertical_filter_string_overload" time="0.002" /><testcase classname="tests.test_video_formatter.TestVideoFormatterFilterBuilder" name="test_build_vertical_filter_invalid_mode_raises_value_error" time="0.002" /><testcase classname="tests.test_video_formatter.TestVideoFormatterConversion" name="test_convert_to_vertical_blur_background" time="0.227" /><testcase classname="tests.test_video_formatter.TestVideoFormatterConversion" name="test_convert_to_vertical_crop_center" time="0.209" /><testcase classname="tests.test_video_formatter.TestVideoFormatterConversion" name="test_convert_to_vertical_non_existent_input_raises_file_not_found" time="0.003" /><testcase classname="tests.test_video_formatter.TestVideoFormatterConversion" name="test_convert_to_vertical_invalid_mode_raises_value_error" time="0.196" /><testcase classname="tests.test_video_formatter.TestVideoFormatterConversion" name="test_convert_to_vertical_ffmpeg_failure_raises_processing_error" time="0.207" /><testcase classname="tests.test_video_formatter.TestVideoFormatterConversion" name="test_convert_to_vertical_invalid_timestamp_range_raises_processing_error" time="0.205" /><testcase classname="tests.test_video_formatter.TestVideoFormatterConversion" name="test_auto_nvenc_failure_retries_with_libx264" time="0.202" /><testcase classname="tests.test_video_formatter.TestVideoFormatterConcurrency" name="test_concurrent_vertical_conversions" time="0.239" /><testcase classname="tests.test_web_dashboard.TestWebDashboardEndpoints" name="test_get_root_dashboard_html" time="0.504" /><testcase classname="tests.test_web_dashboard.TestWebDashboardEndpoints" name="test_get_index_html" time="0.504" /><testcase classname="tests.test_web_dashboard.TestWebDashboardEndpoints" name="test_post_api_analyze_valid_json" time="0.505" /><testcase classname="tests.test_web_dashboard.TestWebDashboardEndpoints" name="test_post_api_generate_clip_valid_json" time="0.507" /><testcase classname="tests.test_web_dashboard.TestWebDashboardEndpoints" name="test_post_api_gdrive_upload_valid_json" time="0.702" /><testcase classname="tests.test_web_dashboard.TestWebDashboardEndpoints" name="test_html_contains_gdrive_folder_id_input" time="0.505" /><testcase classname="tests.test_web_dashboard.TestWebDashboardEndpoints" name="test_post_api_gdrive_upload_with_folder_id" time="0.702" /><testcase classname="tests.test_web_dashboard.TestWebDashboardEndpoints" name="test_post_api_generate_clip_with_folder_id_and_cookies" time="0.510" /><testcase classname="tests.test_web_dashboard.TestWebDashboardEndpoints" name="test_post_api_analyze_with_cookies" time="0.505" /><testcase classname="tests.test_web_dashboard.TestWebDashboardEndpoints" name="test_get_api_download_existing_file" time="0.697" /><testcase classname="tests.test_web_dashboard.TestWebDashboardEndpoints" name="test_get_api_download_nonexistent_file" time="0.505" /><testcase classname="tests.test_web_dashboard.TestWebDashboardErrors" name="test_post_bad_json_returns_http_400" time="0.505" /><testcase classname="tests.test_web_dashboard.TestWebDashboardErrors" name="test_invalid_endpoint_path_returns_http_404" time="0.504" /><testcase classname="tests.test_web_dashboard.TestWebDashboardErrors" name="test_invalid_http_method_returns_http_405" time="0.504" /><testcase classname="tests.test_web_dashboard.TestWebDashboardErrors" name="test_post_missing_param_returns_http_400" time="0.506" /><testcase classname="tests.test_web_dashboard.TestWebDashboardErrors" name="test_get_on_post_endpoint_returns_http_405" time="0.505" /><testcase classname="tests.test_web_dashboard.TestWebDashboardErrors" name="test_path_traversal_download_returns_http_400" time="0.506" /><testcase classname="tests.test_web_dashboard.TestWebDashboardErrors" name="test_invalid_format_mode_returns_http_400" time="0.504" /><testcase classname="tests.test_web_dashboard.TestWebDashboardErrors" name="test_gdrive_upload_nonexistent_file_returns_http_404" time="0.504" /><testcase classname="tests.test_web_dashboard.TestWebDashboardConcurrency" name="test_concurrent_requests_handled_successfully" time="0.515" /><testcase classname="tests.test_web_dashboard" name="test_post_rejects_oversized_json_body" time="0.505" /><testcase classname="tests.test_web_dashboard" name="test_bounded_job_rejects_when_capacity_is_exhausted" time="0.003" /><testcase classname="tests.test_web_dashboard" name="test_bounded_job_releases_capacity_after_failure" time="0.004" /></testsuite></testsuites>